<?xml version="1.0" encoding="UTF-8"?><testsuite errors="0" failures="0" name="Categories End Point" skipped="0" tests="5" time="6.17" timestamp="2022-06-21T14:40:33.899+01:00[Europe/London]"><testcase name="I should read all categories data"/><testcase name="I should a new create category on categories end point"/><testcase name="I should read a new categories information on categories end point"/><testcase name="I update a newly created categories on categories end point"/><testcase name="I delete a newly created categories on categories end point"/></testsuite>