<?xml version="1.0" encoding="UTF-8"?><testsuite errors="0" failures="0" name="com.swagger.api.bestbuyinfo.StoresCRUDTestWithSteps" skipped="0" tests="4" time="0.27" timestamp="2022-06-07T16:09:34.649+01:00[Europe/London]"><testcase classname="com.swagger.api.bestbuyinfo.StoresCRUDTestWithSteps" name="This will create a new Stores"/><testcase classname="com.swagger.api.bestbuyinfo.StoresCRUDTestWithSteps" name="Verify if the store information was added into the application"/><testcase classname="com.swagger.api.bestbuyinfo.StoresCRUDTestWithSteps" name="Update the product information"/><testcase classname="com.swagger.api.bestbuyinfo.StoresCRUDTestWithSteps" name="Delete the product by ID"/></testsuite>