<?xml version="1.0" encoding="UTF-8"?><testsuite errors="0" failures="0" name="Services End Point" skipped="0" tests="5" time="5.98" timestamp="2022-06-21T15:13:35.373+01:00[Europe/London]"><testcase name="I should read all services data"/><testcase name="I should a new create services on services end point"/><testcase name="I should read a new services information on services end point"/><testcase name="I update a newly created services on services end point"/><testcase name="I delete a newly created services on services end point"/></testsuite>