<?xml version="1.0" encoding="UTF-8"?><testsuite errors="0" failures="0" name="com.swagger.api.bestbuyinfo.ServicesCRUDTestWithSteps" skipped="0" tests="4" time="0.25" timestamp="2022-06-07T16:09:34.321+01:00[Europe/London]"><testcase classname="com.swagger.api.bestbuyinfo.ServicesCRUDTestWithSteps" name="This will create a New Service"/><testcase classname="com.swagger.api.bestbuyinfo.ServicesCRUDTestWithSteps" name="Verify if the Product was added to the application"/><testcase classname="com.swagger.api.bestbuyinfo.ServicesCRUDTestWithSteps" name="Update the product information"/><testcase classname="com.swagger.api.bestbuyinfo.ServicesCRUDTestWithSteps" name="Delete the product by ID"/></testsuite>