<?xml version="1.0" encoding="UTF-8"?><testsuite errors="1" failures="3" name="Product End Point" skipped="0" tests="5" time="6.29" timestamp="2022-06-21T14:41:50.536+01:00[Europe/London]"><testcase name="I read all products data from the application"><error type="java.lang.NullPointerException"/><system-err>null&#13;
com.swagger.api.steps.StoreSteps.iMustGetAValidResponseCodeFromStoresEndpoint(StoreSteps.java:74)&#13;
✽.Then I must get a valid response code 200 from stores endpoint(products.feature:8)&#13;
</system-err></testcase><testcase name="I create a new product on products end point"/><testcase name="I read a newly created product on products end point"><failure message="1 expectation failed.&#10;Expected status code &lt;200&gt; but was &lt;404&gt;.&#10;" type="java.lang.AssertionError">1 expectation failed.
Expected status code &lt;200&gt; but was &lt;404&gt;.
</failure><system-err>1 expectation failed.
Expected status code &lt;200&gt; but was &lt;404&gt;.
&#13;
io.restassured.internal.ResponseSpecificationImpl.validateResponseIfRequired(ResponseSpecificationImpl.groovy:636)&#13;
io.restassured.internal.ResponseSpecificationImpl.statusCode(ResponseSpecificationImpl.groovy:122)&#13;
io.restassured.internal.ResponseSpecificationImpl.statusCode(ResponseSpecificationImpl.groovy:130)&#13;
io.restassured.internal.ValidatableResponseOptionsImpl.statusCode(ValidatableResponseOptionsImpl.java:117)&#13;
com.swagger.api.bestbuyinfo.ProductsSteps.getProductInfoByName(ProductsSteps.java:48)&#13;
com.swagger.api.steps.ProductSteps.iSendAGETRequestToNewlyCreatedProductWithProductID(ProductSteps.java:61)&#13;
✽.When I send a GET request to newly created product with product ID(products.feature:17)&#13;
</system-err></testcase><testcase name="I update a newly created product on products end point"><failure message="1 expectation failed.&#10;Expected status code &lt;200&gt; but was &lt;404&gt;.&#10;" type="java.lang.AssertionError">1 expectation failed.
Expected status code &lt;200&gt; but was &lt;404&gt;.
</failure><system-err>1 expectation failed.
Expected status code &lt;200&gt; but was &lt;404&gt;.
&#13;
io.restassured.internal.ResponseSpecificationImpl.validateResponseIfRequired(ResponseSpecificationImpl.groovy:636)&#13;
io.restassured.internal.ResponseSpecificationImpl.statusCode(ResponseSpecificationImpl.groovy:122)&#13;
io.restassured.internal.ResponseSpecificationImpl.statusCode(ResponseSpecificationImpl.groovy:130)&#13;
io.restassured.internal.ValidatableResponseOptionsImpl.statusCode(ValidatableResponseOptionsImpl.java:117)&#13;
com.swagger.api.bestbuyinfo.ProductsSteps.getProductInfoByName(ProductsSteps.java:48)&#13;
com.swagger.api.steps.ProductSteps.iVerifyIfTheProductDetailsIsUpdatedWithCorrectDetails(ProductSteps.java:82)&#13;
✽.And I verify if the product details is updated with correct details(products.feature:25)&#13;
</system-err></testcase><testcase name="I delete a newly created product on products end point"><failure message="1 expectation failed.&#10;Expected status code &lt;200&gt; but was &lt;404&gt;.&#10;" type="java.lang.AssertionError">1 expectation failed.
Expected status code &lt;200&gt; but was &lt;404&gt;.
</failure><system-err>1 expectation failed.
Expected status code &lt;200&gt; but was &lt;404&gt;.
&#13;
io.restassured.internal.ResponseSpecificationImpl.validateResponseIfRequired(ResponseSpecificationImpl.groovy:636)&#13;
io.restassured.internal.ResponseSpecificationImpl.statusCode(ResponseSpecificationImpl.groovy:122)&#13;
io.restassured.internal.ResponseSpecificationImpl.statusCode(ResponseSpecificationImpl.groovy:130)&#13;
io.restassured.internal.ValidatableResponseOptionsImpl.statusCode(ValidatableResponseOptionsImpl.java:117)&#13;
com.swagger.api.steps.ProductSteps.iSendADELETERequestToNewlyCreatedProductWithProductID(ProductSteps.java:89)&#13;
✽.When I send a DELETE request to newly created product with product ID(products.feature:29)&#13;
</system-err></testcase></testsuite>